<?xml version="1.0" encoding="UTF-8"?>
<!-- Generated by org.testng.reporters.JUnitReportReporter -->
<testsuite hostname="DESKTOP-3QCSFSN" failures="0" tests="1" name="testcases.RegisterUser" time="21.591" errors="0" timestamp="2024-07-05T09:08:11 IST" skipped="0">
  <testcase classname="testcases.RegisterUser" name="testRegisteruser" time="21.591"/>
</testsuite> <!-- testcases.RegisterUser -->
