<?xml version="1.0" encoding="UTF-8"?>
<!-- Generated by org.testng.reporters.JUnitReportReporter -->
<testsuite hostname="DESKTOP-3QCSFSN" failures="0" tests="1" name="testcases.RegisterUser" time="39.602" errors="0" timestamp="2024-07-12T08:53:13 IST" skipped="0">
  <testcase classname="testcases.RegisterUser" name="testRegisteruser" time="39.602"/>
</testsuite> <!-- testcases.RegisterUser -->
